<?xml version="1.0" encoding="UTF-8"?>
<!-- Generated by org.testng.reporters.JUnitXMLReporter -->
<testsuite ignored="0" hostname="DESKTOP-4FFBNMC" failures="1" tests="1" name="ChromeTest" time="14.043" errors="0" timestamp="2023-06-16T20:37:45 IST">
  <testcase classname="executeClasses.ExecuteClientsPage" name="verifyClientSearch" time="4.042">
    <failure type="java.lang.AssertionError" message="expected [Appu] but found [Amala p]">
      <![CDATA[java.lang.AssertionError: expected [Appu] but found [Amala p]
at executeClasses.ExecuteClientsPage.verifyClientSearch(ExecuteClientsPage.java:35)
at java.base/java.util.ArrayList.forEach(ArrayList.java:1540)
... Removed 33 stack frames]]>
    </failure>
  </testcase> <!-- verifyClientSearch -->
</testsuite> <!-- ChromeTest -->
