<?xml version="1.0" encoding="UTF-8"?>
<!-- Generated by org.testng.reporters.JUnitXMLReporter -->
<testsuite ignored="3" hostname="DESKTOP-4FFBNMC" failures="0" tests="2" name="Test" time="16.148" errors="0" timestamp="2023-06-10T21:31:02 IST">
  <testcase classname="executeClasses.ExecuteHomePage" name="verifyTheLogoIsDisplayedOrNot" time="2.741"/>
  <testcase classname="executeClasses.ExecuteLoginPage" name="verifyTheLoginHeadingIsDisplayedOrNot" time="0.077"/>
  <testcase classname="executeClasses.ExecuteLoginPage" name="verifySuccessfulLogin" time="0.0">
    <ignored/>
  </testcase> <!-- verifySuccessfulLogin -->
  <testcase classname="executeClasses.BaseClass" name="@BeforeSuite createReport" time="0.0">
    <ignored/>
  </testcase> <!-- @BeforeSuite createReport -->
  <testcase classname="executeClasses.ExecuteLoginPage" name="verifyUnsuccessfulLogin" time="0.0">
    <ignored/>
  </testcase> <!-- verifyUnsuccessfulLogin -->
</testsuite> <!-- Test -->
